<?xml version="1.0" encoding="UTF-8"?>
<testng-results skipped="0" failed="0" ignored="0" total="1" passed="1">
  <reporter-output>
  </reporter-output>
  <suite name="Suite" duration-ms="7205" started-at="2020-05-13T16:14:38Z" finished-at="2020-05-13T16:14:45Z">
    <groups>
    </groups>
    <test name="Test" duration-ms="7205" started-at="2020-05-13T16:14:38Z" finished-at="2020-05-13T16:14:45Z">
      <class name="gradleDemo.GradleTest">
        <test-method status="PASS" signature="Test()[pri:0, instance:gradleDemo.GradleTest@1903596f]" name="Test" duration-ms="7167" started-at="2020-05-13T16:14:38Z" finished-at="2020-05-13T16:14:45Z">
          <reporter-output>
          </reporter-output>
        </test-method> <!-- Test -->
      </class> <!-- gradleDemo.GradleTest -->
    </test> <!-- Test -->
  </suite> <!-- Suite -->
</testng-results>
