<?xml version="1.0" encoding="UTF-8"?>
<testsuite xmlns:xsi="http://www.w3.org/2001/XMLSchema-instance" xsi:noNamespaceSchemaLocation="https://maven.apache.org/surefire/maven-surefire-plugin/xsd/surefire-test-report.xsd" name="testRunner.TestRunner" time="210.83" tests="4" errors="0" skipped="0" failures="0">
  <properties>
[...]
</properties>
  <testcase name="Test login with valid credential" classname="Test OrangeHRM Login Scenario" time="95.653"/>
  <testcase name="Test login with valid credential" classname="Test OrangeHRM Login Scenario using Data Driven Approach" time="39.843"/>
  <testcase name="Test login with valid credential" classname="Test OrangeHRM Login Scenario using Data Driven Approach" time="48.609"/>
  <testcase name="Test login with valid credential" classname="Test OrangeHRM Login Scenario using Data Driven Approach" time="23.542"/>
</testsuite>