<?xml version="1.0" encoding="UTF-8"?>
<testng-results skipped="0" failed="0" ignored="0" total="3" passed="3">
  <reporter-output>
  </reporter-output>
  <suite name="Default suite" duration-ms="224" started-at="2021-09-13T08:42:04Z" finished-at="2021-09-13T08:42:04Z">
    <groups>
    </groups>
    <test name="Default test" duration-ms="224" started-at="2021-09-13T08:42:04Z" finished-at="2021-09-13T08:42:04Z">
      <class name="interviewQnA.WebTest">
        <test-method status="PASS" signature="testServer()[pri:0, instance:interviewQnA.WebTest@3b2da18f]" name="testServer" duration-ms="36" started-at="2021-09-13T08:42:04Z" finished-at="2021-09-13T08:42:04Z">
          <reporter-output>
          </reporter-output>
        </test-method> <!-- testServer -->
        <test-method status="PASS" signature="testServer()[pri:0, instance:interviewQnA.WebTest@6b419da]" name="testServer" duration-ms="3" started-at="2021-09-13T08:42:04Z" finished-at="2021-09-13T08:42:04Z">
          <reporter-output>
          </reporter-output>
        </test-method> <!-- testServer -->
        <test-method status="PASS" signature="testServer()[pri:0, instance:interviewQnA.WebTest@7920ba90]" name="testServer" duration-ms="9" started-at="2021-09-13T08:42:04Z" finished-at="2021-09-13T08:42:04Z">
          <reporter-output>
          </reporter-output>
        </test-method> <!-- testServer -->
      </class> <!-- interviewQnA.WebTest -->
    </test> <!-- Default test -->
  </suite> <!-- Default suite -->
</testng-results>
