<?xml version="1.0" encoding="UTF-8"?>
<testng-results skipped="0" failed="0" ignored="0" total="3" passed="3">
  <reporter-output>
  </reporter-output>
  <suite name="Default suite" duration-ms="299" started-at="2021-06-18T11:15:18Z" finished-at="2021-06-18T11:15:18Z">
    <groups>
    </groups>
    <test name="Default test" duration-ms="299" started-at="2021-06-18T11:15:18Z" finished-at="2021-06-18T11:15:18Z">
      <class name="interviewQnA.MyTest">
        <test-method status="PASS" signature="testServer()[pri:0, instance:interviewQnA.MyTest@1a968a59]" name="testServer" duration-ms="54" started-at="2021-06-18T11:15:18Z" finished-at="2021-06-18T11:15:18Z">
          <reporter-output>
          </reporter-output>
        </test-method> <!-- testServer -->
        <test-method status="PASS" signature="testServer()[pri:0, instance:interviewQnA.MyTest@4667ae56]" name="testServer" duration-ms="5" started-at="2021-06-18T11:15:18Z" finished-at="2021-06-18T11:15:18Z">
          <reporter-output>
          </reporter-output>
        </test-method> <!-- testServer -->
        <test-method status="PASS" signature="testServer()[pri:0, instance:interviewQnA.MyTest@77cd7a0]" name="testServer" duration-ms="4" started-at="2021-06-18T11:15:18Z" finished-at="2021-06-18T11:15:18Z">
          <reporter-output>
          </reporter-output>
        </test-method> <!-- testServer -->
      </class> <!-- interviewQnA.MyTest -->
    </test> <!-- Default test -->
  </suite> <!-- Default suite -->
</testng-results>
