<?xml version="1.0" encoding="UTF-8"?>
<!-- Generated by org.testng.reporters.JUnitXMLReporter -->
<testsuite hostname="APPAN-PC" ignored="0" name="Test1" tests="12" failures="0" timestamp="2019-10-13T14:28:45 IST" time="0.165" errors="0">
  <testcase name="test1" time="0.018" classname="testNGGroupingDemo.TestCaseGrouping"/>
  <testcase name="test10" time="0.003" classname="testNGGroupingDemo.TestCaseGrouping"/>
  <testcase name="test11" time="0.002" classname="testNGGroupingDemo.TestCaseGrouping"/>
  <testcase name="test12" time="0.002" classname="testNGGroupingDemo.TestCaseGrouping"/>
  <testcase name="test2" time="0.002" classname="testNGGroupingDemo.TestCaseGrouping"/>
  <testcase name="test3" time="0.003" classname="testNGGroupingDemo.TestCaseGrouping"/>
  <testcase name="test4" time="0.002" classname="testNGGroupingDemo.TestCaseGrouping"/>
  <testcase name="test5" time="0.003" classname="testNGGroupingDemo.TestCaseGrouping"/>
  <testcase name="test6" time="0.003" classname="testNGGroupingDemo.TestCaseGrouping"/>
  <testcase name="test7" time="0.003" classname="testNGGroupingDemo.TestCaseGrouping"/>
  <testcase name="test8" time="0.002" classname="testNGGroupingDemo.TestCaseGrouping"/>
  <testcase name="test9" time="0.002" classname="testNGGroupingDemo.TestCaseGrouping"/>
</testsuite> <!-- Test1 -->
