<?xml version="1.0" encoding="UTF-8"?>
<!-- Generated by org.testng.reporters.JUnitXMLReporter -->
<testsuite hostname="APPAN-PC" ignored="0" name="Test" tests="5" failures="0" timestamp="06 Jun 2021 15:57:05 GMT" time="1.385" errors="0">
  <testcase name="test1" time="0.349" classname="interviewQnA.Demo"/>
  <testcase name="test2" time="0.018" classname="interviewQnA.Demo"/>
  <testcase name="test3" time="0.025" classname="interviewQnA.Demo"/>
  <testcase name="test4" time="0.013" classname="interviewQnA.Demo"/>
  <testcase name="test5" time="0.013" classname="interviewQnA.Demo"/>
</testsuite> <!-- Test -->
