<?xml version="1.0" encoding="UTF-8" standalone="no"?>
<testsuite failures="0" name="cucumber.runtime.formatter.JUnitFormatter" skipped="0" tests="4" time="207.671723">
<testcase classname="Test OrangeHRM Login Scenario" name="Test login with valid credential" time="95.634611">
<system-out><![CDATA[Given Open chrome and start application.....................................passed
When I enter valid "Admin" and valid "admin123".............................passed
Then user should be able to login successfully..............................passed
Then the application should be closed.......................................passed
]]></system-out>
</testcase>
<testcase classname="Test OrangeHRM Login Scenario using Data Driven Approach" name="Test login with valid credential" time="39.870356">
<system-out><![CDATA[Given Open chrome and launch application....................................passed
When the user enters valid "Admin" and valid "admin12"......................passed
Then the user should be able to login successfully..........................passed
Then close the application..................................................passed
]]></system-out>
</testcase>
<testcase classname="Test OrangeHRM Login Scenario using Data Driven Approach" name="Test login with valid credential 2" time="48.606439">
<system-out><![CDATA[Given Open chrome and launch application....................................passed
When the user enters valid "Admin" and valid "admin123".....................passed
Then the user should be able to login successfully..........................passed
Then close the application..................................................passed
]]></system-out>
</testcase>
<testcase classname="Test OrangeHRM Login Scenario using Data Driven Approach" name="Test login with valid credential 3" time="23.560317">
<system-out><![CDATA[Given Open chrome and launch application....................................passed
When the user enters valid "Admin" and valid "admin1234"....................passed
Then the user should be able to login successfully..........................passed
Then close the application..................................................passed
]]></system-out>
</testcase>
</testsuite>
