<?xml version="1.0" encoding="UTF-8"?>
<!-- Generated by org.testng.reporters.JUnitXMLReporter -->
<testsuite hostname="APPAN-PC" ignored="0" name="Default test" tests="10" failures="0" timestamp="07 Jun 2021 05:04:41 GMT" time="1.861" errors="0">
  <testcase name="test3" time="0.539" classname="interviewQnA.Demo"/>
  <testcase name="test3" time="0.545" classname="interviewQnA.Demo"/>
  <testcase name="test3" time="0.584" classname="interviewQnA.Demo"/>
  <testcase name="test3" time="0.019" classname="interviewQnA.Demo"/>
  <testcase name="test3" time="0.015" classname="interviewQnA.Demo"/>
  <testcase name="test3" time="0.05" classname="interviewQnA.Demo"/>
  <testcase name="test3" time="0.011" classname="interviewQnA.Demo"/>
  <testcase name="test3" time="0.01" classname="interviewQnA.Demo"/>
  <testcase name="test3" time="0.026" classname="interviewQnA.Demo"/>
  <testcase name="test3" time="0.029" classname="interviewQnA.Demo"/>
</testsuite> <!-- Default test -->
