<?xml version="1.0" encoding="UTF-8"?>
<!-- Generated by org.testng.reporters.JUnitXMLReporter -->
<testsuite hostname="APPAN-PC" ignored="0" name="firefoxTest" tests="3" failures="0" timestamp="2019-10-12T15:22:01 IST" time="15.867" errors="0">
  <testcase name="verifyTitle" time="6.351" classname="crossBrowserDemo.VerifyPageTitle"/>
  <testcase name="verifyTitle" time="8.192" classname="crossBrowserDemo.VerifyPageTitle"/>
  <testcase name="verifyTitle" time="15.799" classname="crossBrowserDemo.VerifyPageTitle"/>
</testsuite> <!-- firefoxTest -->
