<?xml version="1.0" encoding="UTF-8"?>
<!-- Generated by org.testng.reporters.JUnitXMLReporter -->
<testsuite hostname="APPAN-PC" ignored="0" name="Test" tests="2" failures="1" timestamp="2021-04-09T20:18:47 IST" time="32.199" errors="0">
  <testcase name="googleTitle" time="31.895" classname="testNGListenersDemo.ListenersAtSuiteLevel"/>
  <testcase name="test" time="0.045" classname="testNGListenersDemo.ListenersAtSuiteLevel">
    <failure type="java.lang.AssertionError" message="expected [true] but found [false]">
      <![CDATA[java.lang.AssertionError: expected [true] but found [false]
at testNGListenersDemo.ListenersAtSuiteLevel.test(ListenersAtSuiteLevel.java:30)
at java.util.ArrayList.forEach(ArrayList.java:1257)
... Removed 31 stack frames]]>
    </failure>
  </testcase> <!-- test -->
</testsuite> <!-- Test -->
