<?xml version="1.0" encoding="UTF-8"?>
<!-- Generated by org.testng.reporters.JUnitXMLReporter -->
<testsuite hostname="APPAN-PC" ignored="0" name="Test" tests="2" failures="1" timestamp="2019-10-27T12:13:53 IST" time="6.511" errors="0">
  <testcase name="googleTitle" time="6.43" classname="testNGListenersDemo.ListenersAtSuiteLevel"/>
  <testcase name="test" time="0.006" classname="testNGListenersDemo.ListenersAtSuiteLevel">
    <failure type="java.lang.AssertionError" message="did not expect to find [true] but found [false]">
      <![CDATA[java.lang.AssertionError: did not expect to find [true] but found [false]
at testNGListenersDemo.ListenersAtSuiteLevel.test(ListenersAtSuiteLevel.java:31)
at java.util.ArrayList.forEach(Unknown Source)
... Removed 31 stack frames]]>
    </failure>
  </testcase> <!-- test -->
</testsuite> <!-- Test -->
