<?xml version="1.0" encoding="UTF-8"?>
<testng-results skipped="0" failed="0" ignored="0" total="1" passed="1">
  <reporter-output>
  </reporter-output>
  <suite name="Default suite" duration-ms="7673" started-at="2020-05-13T13:33:26Z" finished-at="2020-05-13T13:33:34Z">
    <groups>
    </groups>
    <test name="Default test" duration-ms="7673" started-at="2020-05-13T13:33:26Z" finished-at="2020-05-13T13:33:34Z">
      <class name="gradleDemo.GradleTest">
        <test-method status="PASS" signature="Test()[pri:0, instance:gradleDemo.GradleTest@26be92ad]" name="Test" duration-ms="7598" started-at="2020-05-13T13:33:26Z" finished-at="2020-05-13T13:33:34Z">
          <reporter-output>
          </reporter-output>
        </test-method> <!-- Test -->
      </class> <!-- gradleDemo.GradleTest -->
    </test> <!-- Default test -->
  </suite> <!-- Default suite -->
</testng-results>
