<?xml version="1.0" encoding="UTF-8"?>
<!-- Generated by org.testng.reporters.JUnitXMLReporter -->
<testsuite hostname="APPAN-PC" ignored="0" name="Sprint1" tests="4" failures="2" timestamp="2019-10-12T23:21:54 IST" time="0.278" errors="0">
  <testcase name="tweetTest" time="0.049" classname="failedCaseHandlingDemo.Test_Twitter">
    <failure type="java.lang.AssertionError">
      <![CDATA[java.lang.AssertionError
at org.junit.Assert.fail(Assert.java:86)
at org.junit.Assert.assertTrue(Assert.java:41)
at org.junit.Assert.assertTrue(Assert.java:52)
at failedCaseHandlingDemo.Test_Twitter.tweetTest(Test_Twitter.java:11)
at java.util.ArrayList.forEach(Unknown Source)
... Removed 27 stack frames]]>
    </failure>
  </testcase> <!-- tweetTest -->
  <testcase name="instaTest" time="0.002" classname="failedCaseHandlingDemo.Test_Instagram">
    <failure type="java.lang.AssertionError">
      <![CDATA[java.lang.AssertionError
at org.junit.Assert.fail(Assert.java:86)
at org.junit.Assert.assertTrue(Assert.java:41)
at org.junit.Assert.assertTrue(Assert.java:52)
at failedCaseHandlingDemo.Test_Instagram.instaTest(Test_Instagram.java:11)
at java.util.ArrayList.forEach(Unknown Source)
... Removed 27 stack frames]]>
    </failure>
  </testcase> <!-- instaTest -->
  <testcase name="fbTest" time="0.001" classname="failedCaseHandlingDemo.Test_Facebook"/>
  <testcase name="ldinTest" time="0.002" classname="failedCaseHandlingDemo.Test_LinkedIn"/>
</testsuite> <!-- Sprint1 -->
