<?xml version="1.0" encoding="UTF-8"?>
<testng-results skipped="0" failed="0" total="1" passed="1">
  <reporter-output>
  </reporter-output>
  <suite name="Suite" duration-ms="7698" started-at="2019-10-29T16:25:01Z" finished-at="2019-10-29T16:25:09Z">
    <groups>
    </groups>
    <test name="Test" duration-ms="7698" started-at="2019-10-29T16:25:01Z" finished-at="2019-10-29T16:25:09Z">
      <class name="jenkinsDemo.JenkinsTest">
        <test-method status="PASS" signature="jenkinsTest()" name="jenkinsTest" duration-ms="7688" started-at="2019-10-29T16:25:01Z" finished-at="2019-10-29T16:25:09Z">
        </test-method>
      </class>
    </test>
  </suite>
</testng-results>
