<?xml version="1.0" encoding="UTF-8"?>
<testng-results ignored="0" total="2" passed="2" failed="0" skipped="0">
  <reporter-output>
  </reporter-output>
  <suite started-at="2022-07-04T14:20:35 IST" name="Default suite" finished-at="2022-07-04T14:20:46 IST" duration-ms="10322">
    <groups>
    </groups>
    <test started-at="2022-07-04T14:20:35 IST" name="Default test" finished-at="2022-07-04T14:20:46 IST" duration-ms="10322">
      <class name="tests.TestScenario3">
        <test-method is-config="true" signature="suiteSetup()[pri:0, instance:tests.TestScenario3@69e153c5]" started-at="2022-07-04T14:20:35 IST" name="suiteSetup" finished-at="2022-07-04T14:20:35 IST" duration-ms="44" status="PASS">
          <reporter-output>
          </reporter-output>
        </test-method> <!-- suiteSetup -->
        <test-method is-config="true" signature="testSetup()[pri:0, instance:tests.TestScenario3@69e153c5]" started-at="2022-07-04T14:20:35 IST" name="testSetup" finished-at="2022-07-04T14:20:35 IST" duration-ms="0" status="PASS">
          <reporter-output>
          </reporter-output>
        </test-method> <!-- testSetup -->
        <test-method is-config="true" signature="classSetup()[pri:0, instance:tests.TestScenario3@69e153c5]" started-at="2022-07-04T14:20:35 IST" name="classSetup" finished-at="2022-07-04T14:20:38 IST" duration-ms="2665" status="PASS">
          <reporter-output>
          </reporter-output>
        </test-method> <!-- classSetup -->
        <test-method signature="verifyBlankSubmissionErrorMessage()[pri:0, instance:tests.TestScenario3@69e153c5]" started-at="2022-07-04T14:20:38 IST" name="verifyBlankSubmissionErrorMessage" finished-at="2022-07-04T14:20:42 IST" duration-ms="4071" status="PASS">
          <reporter-output>
          </reporter-output>
        </test-method> <!-- verifyBlankSubmissionErrorMessage -->
        <test-method signature="verifyFullSubmissionSuccessMessage()[pri:0, instance:tests.TestScenario3@69e153c5]" started-at="2022-07-04T14:20:42 IST" name="verifyFullSubmissionSuccessMessage" finished-at="2022-07-04T14:20:46 IST" depends-on-methods="tests.TestScenario3.verifyBlankSubmissionErrorMessage" duration-ms="3287" status="PASS">
          <reporter-output>
          </reporter-output>
        </test-method> <!-- verifyFullSubmissionSuccessMessage -->
        <test-method is-config="true" signature="classTeardown()[pri:0, instance:tests.TestScenario3@69e153c5]" started-at="2022-07-04T14:20:46 IST" name="classTeardown" finished-at="2022-07-04T14:20:46 IST" duration-ms="252" status="PASS">
          <reporter-output>
          </reporter-output>
        </test-method> <!-- classTeardown -->
        <test-method is-config="true" signature="testTeardown()[pri:0, instance:tests.TestScenario3@69e153c5]" started-at="2022-07-04T14:20:46 IST" name="testTeardown" finished-at="2022-07-04T14:20:46 IST" duration-ms="0" status="PASS">
          <reporter-output>
          </reporter-output>
        </test-method> <!-- testTeardown -->
        <test-method is-config="true" signature="suiteTeardown()[pri:0, instance:tests.TestScenario3@69e153c5]" started-at="2022-07-04T14:20:46 IST" name="suiteTeardown" finished-at="2022-07-04T14:20:46 IST" duration-ms="1" status="PASS">
          <reporter-output>
          </reporter-output>
        </test-method> <!-- suiteTeardown -->
      </class> <!-- tests.TestScenario3 -->
    </test> <!-- Default test -->
  </suite> <!-- Default suite -->
</testng-results>
