<?xml version="1.0" encoding="UTF-8"?>
<testng-results skipped="0" failed="0" ignored="0" total="1" passed="1">
  <reporter-output>
  </reporter-output>
  <suite name="Suite" duration-ms="63" started-at="2019-10-29T11:28:02Z" finished-at="2019-10-29T11:28:02Z">
    <groups>
    </groups>
    <test name="Test" duration-ms="63" started-at="2019-10-29T11:28:02Z" finished-at="2019-10-29T11:28:02Z">
      <class name="mavenDemo.MavenBuildTest">
        <test-method status="PASS" signature="testMaven()[pri:0, instance:mavenDemo.MavenBuildTest@3b6eb2ec]" name="testMaven" duration-ms="22" started-at="2019-10-29T11:28:02Z" finished-at="2019-10-29T11:28:02Z">
          <reporter-output>
          </reporter-output>
        </test-method> <!-- testMaven -->
      </class> <!-- mavenDemo.MavenBuildTest -->
    </test> <!-- Test -->
  </suite> <!-- Suite -->
</testng-results>
