<?xml version="1.0" encoding="UTF-8"?>
<testsuite xmlns:xsi="http://www.w3.org/2001/XMLSchema-instance" xsi:noNamespaceSchemaLocation="https://maven.apache.org/surefire/maven-surefire-plugin/xsd/surefire-test-report.xsd" name="TestSuite" time="42.038" tests="4" errors="0" skipped="0" failures="2">
  <properties>
[...]
</properties>
  <testcase name="loginToApplication" classname="allureReportDemo.AllureTests" time="10.004"/>
  <testcase name="validateLogin" classname="allureReportDemo.AllureTests" time="0.374"/>
  <testcase name="logoutFromApplication" classname="allureReportDemo.AllureTests" time="1.17">
    <failure message="no such element: Unable to locate element: {&quot;method&quot;:&quot;css selector&quot;,&quot;selector&quot;:&quot;#welcome1&quot;}&#10;  (Session info: chrome=85.0.4183.102)&#10;For documentation on this error, please visit: https://www.seleniumhq.org/exceptions/no_such_element.html&#10;Build info: version: &apos;4.0.0-alpha-3&apos;, revision: &apos;8c567de6dc&apos;&#10;System info: host: &apos;APPAN-PC&apos;, ip: &apos;100.120.94.147&apos;, os.name: &apos;Windows 7&apos;, os.arch: &apos;amd64&apos;, os.version: &apos;6.1&apos;, java.version: &apos;1.8.0_181&apos;&#10;Driver info: org.openqa.selenium.chrome.ChromeDriver&#10;Capabilities {acceptInsecureCerts: false, browserName: chrome, browserVersion: 85.0.4183.102, chrome: {chromedriverVersion: 85.0.4183.87 (cd6713ebf92fa..., userDataDir: C:\Users\APPAN\AppData\Loca...}, goog:chromeOptions: {debuggerAddress: localhost:62422}, javascriptEnabled: true, networkConnectionEnabled: false, pageLoadStrategy: normal, platform: WINDOWS, platformName: WINDOWS, proxy: Proxy(), setWindowRect: true, strictFileInteractability: false, timeouts: {implicit: 0, pageLoad: 300000, script: 30000}, unhandledPromptBehavior: dismiss and notify, webauthn:virtualAuthenticators: true}&#10;Session ID: ef4f947c19e3ca8e81470b7d1b67fa65&#10;*** Element info: {Using=id, value=welcome1}" type="org.openqa.selenium.NoSuchElementException">org.openqa.selenium.NoSuchElementException: 
no such element: Unable to locate element: {"method":"css selector","selector":"#welcome1"}
  (Session info: chrome=85.0.4183.102)
For documentation on this error, please visit: https://www.seleniumhq.org/exceptions/no_such_element.html
Build info: version: '4.0.0-alpha-3', revision: '8c567de6dc'
System info: host: 'APPAN-PC', ip: '100.120.94.147', os.name: 'Windows 7', os.arch: 'amd64', os.version: '6.1', java.version: '1.8.0_181'
Driver info: org.openqa.selenium.chrome.ChromeDriver
Capabilities {acceptInsecureCerts: false, browserName: chrome, browserVersion: 85.0.4183.102, chrome: {chromedriverVersion: 85.0.4183.87 (cd6713ebf92fa..., userDataDir: C:\Users\APPAN\AppData\Loca...}, goog:chromeOptions: {debuggerAddress: localhost:62422}, javascriptEnabled: true, networkConnectionEnabled: false, pageLoadStrategy: normal, platform: WINDOWS, platformName: WINDOWS, proxy: Proxy(), setWindowRect: true, strictFileInteractability: false, timeouts: {implicit: 0, pageLoad: 300000, script: 30000}, unhandledPromptBehavior: dismiss and notify, webauthn:virtualAuthenticators: true}
Session ID: ef4f947c19e3ca8e81470b7d1b67fa65
*** Element info: {Using=id, value=welcome1}
	at allureReportDemo.AllureTests.logoutFromApplication(AllureTests.java:85)
</failure>
    <system-out><![CDATA[I am in onTestStart method logoutFromApplication start
I am in onTestFailure method logoutFromApplication failed
Screenshot captured for test case:logoutFromApplication
]]></system-out>
  </testcase>
  <testcase name="validateLogout" classname="allureReportDemo.AllureTests" time="0.674">
    <failure message="no such element: Unable to locate element: {&quot;method&quot;:&quot;css selector&quot;,&quot;selector&quot;:&quot;#btnLogin&quot;}&#10;  (Session info: chrome=85.0.4183.102)&#10;For documentation on this error, please visit: https://www.seleniumhq.org/exceptions/no_such_element.html&#10;Build info: version: &apos;4.0.0-alpha-3&apos;, revision: &apos;8c567de6dc&apos;&#10;System info: host: &apos;APPAN-PC&apos;, ip: &apos;100.120.94.147&apos;, os.name: &apos;Windows 7&apos;, os.arch: &apos;amd64&apos;, os.version: &apos;6.1&apos;, java.version: &apos;1.8.0_181&apos;&#10;Driver info: org.openqa.selenium.chrome.ChromeDriver&#10;Capabilities {acceptInsecureCerts: false, browserName: chrome, browserVersion: 85.0.4183.102, chrome: {chromedriverVersion: 85.0.4183.87 (cd6713ebf92fa..., userDataDir: C:\Users\APPAN\AppData\Loca...}, goog:chromeOptions: {debuggerAddress: localhost:62422}, javascriptEnabled: true, networkConnectionEnabled: false, pageLoadStrategy: normal, platform: WINDOWS, platformName: WINDOWS, proxy: Proxy(), setWindowRect: true, strictFileInteractability: false, timeouts: {implicit: 0, pageLoad: 300000, script: 30000}, unhandledPromptBehavior: dismiss and notify, webauthn:virtualAuthenticators: true}&#10;Session ID: ef4f947c19e3ca8e81470b7d1b67fa65&#10;*** Element info: {Using=id, value=btnLogin}" type="org.openqa.selenium.NoSuchElementException">org.openqa.selenium.NoSuchElementException: 
no such element: Unable to locate element: {"method":"css selector","selector":"#btnLogin"}
  (Session info: chrome=85.0.4183.102)
For documentation on this error, please visit: https://www.seleniumhq.org/exceptions/no_such_element.html
Build info: version: '4.0.0-alpha-3', revision: '8c567de6dc'
System info: host: 'APPAN-PC', ip: '100.120.94.147', os.name: 'Windows 7', os.arch: 'amd64', os.version: '6.1', java.version: '1.8.0_181'
Driver info: org.openqa.selenium.chrome.ChromeDriver
Capabilities {acceptInsecureCerts: false, browserName: chrome, browserVersion: 85.0.4183.102, chrome: {chromedriverVersion: 85.0.4183.87 (cd6713ebf92fa..., userDataDir: C:\Users\APPAN\AppData\Loca...}, goog:chromeOptions: {debuggerAddress: localhost:62422}, javascriptEnabled: true, networkConnectionEnabled: false, pageLoadStrategy: normal, platform: WINDOWS, platformName: WINDOWS, proxy: Proxy(), setWindowRect: true, strictFileInteractability: false, timeouts: {implicit: 0, pageLoad: 300000, script: 30000}, unhandledPromptBehavior: dismiss and notify, webauthn:virtualAuthenticators: true}
Session ID: ef4f947c19e3ca8e81470b7d1b67fa65
*** Element info: {Using=id, value=btnLogin}
	at allureReportDemo.AllureTests.validateLogout(AllureTests.java:99)
</failure>
    <system-out><![CDATA[I am in onTestStart method validateLogout start
I am in onTestFailure method validateLogout failed
Screenshot captured for test case:validateLogout
]]></system-out>
  </testcase>
</testsuite>