<?xml version="1.0" encoding="UTF-8"?>
<testng-results skipped="0" failed="0" total="3" passed="3">
  <reporter-output>
  </reporter-output>
  <suite name="Default suite" duration-ms="48490" started-at="2019-10-28T19:39:59Z" finished-at="2019-10-28T19:40:47Z">
    <groups>
    </groups>
    <test name="Default test" duration-ms="48490" started-at="2019-10-28T19:39:59Z" finished-at="2019-10-28T19:40:47Z">
      <class name="dataDrivenTechniques.UsingExcel">
        <test-method status="PASS" signature="loginToWordpress(java.lang.String, java.lang.String)" name="loginToWordpress" duration-ms="16763" started-at="2019-10-28T19:40:01Z" finished-at="2019-10-28T19:40:18Z">
          <params>
            <param index="0">
              <value>
                <![CDATA[Admin]]>
              </value>
            </param>
            <param index="1">
              <value>
                <![CDATA[admin12]]>
              </value>
            </param>
          </params>
        </test-method>
        <test-method status="PASS" signature="tearDown()" name="tearDown" is-config="true" duration-ms="979" started-at="2019-10-28T19:40:18Z" finished-at="2019-10-28T19:40:19Z">
        </test-method>
        <test-method status="PASS" signature="loginToWordpress(java.lang.String, java.lang.String)" name="loginToWordpress" duration-ms="14028" started-at="2019-10-28T19:40:19Z" finished-at="2019-10-28T19:40:33Z">
          <params>
            <param index="0">
              <value>
                <![CDATA[Admin]]>
              </value>
            </param>
            <param index="1">
              <value>
                <![CDATA[admin123]]>
              </value>
            </param>
          </params>
        </test-method>
        <test-method status="PASS" signature="tearDown()" name="tearDown" is-config="true" duration-ms="749" started-at="2019-10-28T19:40:33Z" finished-at="2019-10-28T19:40:33Z">
        </test-method>
        <test-method status="PASS" signature="loginToWordpress(java.lang.String, java.lang.String)" name="loginToWordpress" duration-ms="13329" started-at="2019-10-28T19:40:33Z" finished-at="2019-10-28T19:40:47Z">
          <params>
            <param index="0">
              <value>
                <![CDATA[Admin]]>
              </value>
            </param>
            <param index="1">
              <value>
                <![CDATA[admin1234]]>
              </value>
            </param>
          </params>
        </test-method>
        <test-method status="PASS" signature="tearDown()" name="tearDown" is-config="true" duration-ms="733" started-at="2019-10-28T19:40:47Z" finished-at="2019-10-28T19:40:47Z">
        </test-method>
      </class>
    </test>
  </suite>
</testng-results>
