<?xml version="1.0" encoding="UTF-8"?>
<!-- Generated by org.testng.reporters.JUnitXMLReporter -->
<testsuite hostname="APPAN-PC" ignored="0" name="Default test" tests="3" failures="0" timestamp="26 Jun 2021 07:32:03 GMT" time="0.224" errors="0">
  <testcase name="testServer" time="0.037" classname="interviewQnA.MyTest"/>
  <testcase name="testServer" time="0.015" classname="interviewQnA.MyTest"/>
  <testcase name="testServer" time="0.003" classname="interviewQnA.MyTest"/>
</testsuite> <!-- Default test -->
