<?xml version="1.0" encoding="UTF-8"?>
<!-- Generated by org.testng.reporters.JUnitXMLReporter -->
<testsuite hostname="APPAN-PC" ignored="0" name="Default test" tests="3" failures="0" timestamp="18 Jun 2021 11:15:18 GMT" time="0.299" errors="0">
  <testcase name="testServer" time="0.054" classname="interviewQnA.MyTest"/>
  <testcase name="testServer" time="0.005" classname="interviewQnA.MyTest"/>
  <testcase name="testServer" time="0.004" classname="interviewQnA.MyTest"/>
</testsuite> <!-- Default test -->
